  1001_output_1.cpp
  1002_output_2.cpp
  1003_output_3.cpp
  1004_output_4.cpp
  1005_output_5.cpp
  1006_output_6.cpp
  1007_output_7.cpp
  1008_output_8.cpp
  1010_in_out1.cpp
  1011_in_out2.cpp
  1012_in_out3.cpp
  1013_in_out4.cpp
  1014_in_out5.cpp
  1015_in_out6.cpp
  1017_in_out7.cpp
  1018_in_out_8.cpp
  1019_in_out_9.cpp
  1020_in_out_10.cpp
  1021_in_out_11.cpp
  1022_in_out_12.cpp
  코드를 생성하고 있습니다...
  컴파일하고 있습니다...
  1023_in_out_13.cpp
  1024_in_out_14.cpp
  1025_in_out_15.cpp
  1038_op_1.cpp
  1039_op_2.cpp
  1040_op_3.cpp
  1041_op_4.cpp
  1042_op_5.cpp
  1043_op_6.cpp
  1044_op_7.cpp
  코드를 생성하고 있습니다...
  Code_up_100_foundation_1.vcxproj -> C:\Users\User\source\repos\Code_up_100_foundation_1\Debug\Code_up_100_foundation_1.exe
