c:\users\user\source\repos\code_up_100_foundation_1\debug\vc142.pdb
c:\users\user\source\repos\code_up_100_foundation_1\debug\vc142.idb
c:\users\user\source\repos\code_up_100_foundation_1\debug\1022_in_out_12.obj
c:\users\user\source\repos\code_up_100_foundation_1\debug\1021_in_out_11.obj
c:\users\user\source\repos\code_up_100_foundation_1\debug\1020_in_out_10.obj
c:\users\user\source\repos\code_up_100_foundation_1\debug\1019_in_out_9.obj
c:\users\user\source\repos\code_up_100_foundation_1\debug\1018_in_out_8.obj
c:\users\user\source\repos\code_up_100_foundation_1\debug\1017_in_out7.obj
c:\users\user\source\repos\code_up_100_foundation_1\debug\1015_in_out6.obj
c:\users\user\source\repos\code_up_100_foundation_1\debug\1014_in_out5.obj
c:\users\user\source\repos\code_up_100_foundation_1\debug\1013_in_out4.obj
c:\users\user\source\repos\code_up_100_foundation_1\debug\1012_in_out3.obj
c:\users\user\source\repos\code_up_100_foundation_1\debug\1011_in_out2.obj
c:\users\user\source\repos\code_up_100_foundation_1\debug\1010_in_out1.obj
c:\users\user\source\repos\code_up_100_foundation_1\debug\1008_output_8.obj
c:\users\user\source\repos\code_up_100_foundation_1\debug\1007_output_7.obj
c:\users\user\source\repos\code_up_100_foundation_1\debug\1006_output_6.obj
c:\users\user\source\repos\code_up_100_foundation_1\debug\1005_output_5.obj
c:\users\user\source\repos\code_up_100_foundation_1\debug\1004_output_4.obj
c:\users\user\source\repos\code_up_100_foundation_1\debug\1003_output_3.obj
c:\users\user\source\repos\code_up_100_foundation_1\debug\1002_output_2.obj
c:\users\user\source\repos\code_up_100_foundation_1\debug\1001_output_1.obj
c:\users\user\source\repos\code_up_100_foundation_1\debug\1044_op_7.obj
c:\users\user\source\repos\code_up_100_foundation_1\debug\1043_op_6.obj
c:\users\user\source\repos\code_up_100_foundation_1\debug\1042_op_5.obj
c:\users\user\source\repos\code_up_100_foundation_1\debug\1041_op_4.obj
c:\users\user\source\repos\code_up_100_foundation_1\debug\1040_op_3.obj
c:\users\user\source\repos\code_up_100_foundation_1\debug\1039_op_2.obj
c:\users\user\source\repos\code_up_100_foundation_1\debug\1038_op_1.obj
c:\users\user\source\repos\code_up_100_foundation_1\debug\1025_in_out_15.obj
c:\users\user\source\repos\code_up_100_foundation_1\debug\1024_in_out_14.obj
c:\users\user\source\repos\code_up_100_foundation_1\debug\1023_in_out_13.obj
c:\users\user\source\repos\code_up_100_foundation_1\debug\code_up_100_foundation_1.ilk
c:\users\user\source\repos\code_up_100_foundation_1\debug\code_up_100_foundation_1.exe
c:\users\user\source\repos\code_up_100_foundation_1\debug\code_up_100_foundation_1.pdb
c:\users\user\source\repos\code_up_100_foundation_1\debug\code_up_.936ae941.tlog\cl.command.1.tlog
c:\users\user\source\repos\code_up_100_foundation_1\debug\code_up_.936ae941.tlog\cl.read.1.tlog
c:\users\user\source\repos\code_up_100_foundation_1\debug\code_up_.936ae941.tlog\cl.write.1.tlog
c:\users\user\source\repos\code_up_100_foundation_1\debug\code_up_.936ae941.tlog\link.command.1.tlog
c:\users\user\source\repos\code_up_100_foundation_1\debug\code_up_.936ae941.tlog\link.read.1.tlog
c:\users\user\source\repos\code_up_100_foundation_1\debug\code_up_.936ae941.tlog\link.write.1.tlog
